<?xml version="1.0" encoding="UTF-8"?>
<!-- Generated by org.testng.reporters.JUnitReportReporter -->
<testsuite skipped="0" hostname="DESKTOP-A4QT04T" name="org.test.DemoAuto" tests="1" failures="0" timestamp="20 Apr 2021 16:05:25 GMT" time="4.917" errors="0">
  <testcase name="tc01" time="4.917" classname="org.test.DemoAuto"/>
</testsuite> <!-- org.test.DemoAuto -->
