<?xml version="1.0" encoding="UTF-8"?>
<!-- Generated by org.testng.reporters.JUnitReportReporter -->
<testsuite skipped="0" hostname="DESKTOP-A4QT04T" name="org.testng.Adactin" tests="5" failures="0" timestamp="27 Apr 2021 03:46:37 GMT" time="230.136" errors="0">
  <testcase name="test2" time="0.294" classname="org.testng.Adactin"/>
  <testcase name="test4" time="224.128" classname="org.testng.Adactin"/>
  <testcase name="test1" time="0.081" classname="org.testng.Adactin"/>
  <testcase name="test3" time="4.889" classname="org.testng.Adactin"/>
  <testcase name="test5" time="0.744" classname="org.testng.Adactin"/>
</testsuite> <!-- org.testng.Adactin -->
