<?xml version="1.0" encoding="UTF-8"?>
<!-- Generated by org.testng.reporters.JUnitReportReporter -->
<testsuite skipped="0" hostname="DESKTOP-A4QT04T" name="com.adactin.Adactintestng" tests="1" failures="0" timestamp="20 Apr 2021 04:08:09 GMT" time="31.080" errors="0">
  <testcase name="test" time="31.080" classname="com.adactin.Adactintestng"/>
</testsuite> <!-- com.adactin.Adactintestng -->
