<?xml version="1.0" encoding="UTF-8"?>
<!-- Generated by org.testng.reporters.JUnitReportReporter -->
<testsuite skipped="0" hostname="DESKTOP-A4QT04T" name="org.baseclass.AutomationinXl" tests="1" failures="0" timestamp="21 Apr 2021 13:19:42 GMT" time="5.178" errors="0">
  <testcase name="test1" time="5.178" classname="org.baseclass.AutomationinXl"/>
</testsuite> <!-- org.baseclass.AutomationinXl -->
